2024-01-26 16:02:19,877 - INFO - 127.0.0.1 - - [26/Jan/2024 16:02:19] "OPTIONS /auth/login HTTP/1.1" 200 -
2024-01-26 16:02:20,089 - INFO - User tanmaywani145@gmail.com logged in successfully
2024-01-26 16:02:20,090 - INFO - 127.0.0.1 - - [26/Jan/2024 16:02:20] "POST /auth/login HTTP/1.1" 200 -
2024-01-26 16:03:37,493 - INFO - 127.0.0.1 - - [26/Jan/2024 16:03:37] "OPTIONS /auth/login HTTP/1.1" 200 -
2024-01-26 16:03:37,537 - INFO - User tanmaywani145@gmail.com logged in successfully
2024-01-26 16:03:37,537 - INFO - 127.0.0.1 - - [26/Jan/2024 16:03:37] "POST /auth/login HTTP/1.1" 200 -
2024-01-27 11:57:28,198 - INFO -  * Detected change in '/Users/tanmay/Documents/InvestIQ/inv-planner-backend/app.py', reloading
2024-01-27 11:57:28,747 - INFO -  * Restarting with stat
2024-01-27 11:57:31,538 - WARNING -  * Debugger is active!
2024-01-27 11:57:31,568 - INFO -  * Debugger PIN: 790-987-330
2024-01-27 11:59:20,557 - INFO -  * Detected change in '/Users/tanmay/Documents/InvestIQ/inv-planner-backend/app.py', reloading
2024-01-27 11:59:21,125 - INFO -  * Restarting with stat
2024-01-27 11:59:22,525 - WARNING -  * Debugger is active!
2024-01-27 11:59:22,536 - INFO -  * Debugger PIN: 790-987-330
2024-01-27 11:59:54,137 - INFO -  * Detected change in '/Users/tanmay/Documents/InvestIQ/inv-planner-backend/app.py', reloading
2024-01-27 11:59:54,420 - INFO -  * Restarting with stat
2024-01-27 11:59:55,500 - WARNING -  * Debugger is active!
2024-01-27 11:59:55,510 - INFO -  * Debugger PIN: 790-987-330
2024-01-27 12:00:20,089 - INFO -  * Detected change in '/Users/tanmay/Documents/InvestIQ/inv-planner-backend/app.py', reloading
2024-01-27 12:00:20,696 - INFO -  * Restarting with stat
2024-01-27 12:00:21,614 - WARNING -  * Debugger is active!
2024-01-27 12:00:21,624 - INFO -  * Debugger PIN: 790-987-330
2024-01-27 12:00:35,777 - INFO -  * Detected change in '/Users/tanmay/Documents/InvestIQ/inv-planner-backend/app.py', reloading
2024-01-27 12:00:36,374 - INFO -  * Restarting with stat
2024-01-27 12:00:37,322 - WARNING -  * Debugger is active!
2024-01-27 12:00:37,332 - INFO -  * Debugger PIN: 790-987-330
2024-01-27 12:02:47,718 - INFO -  * Detected change in '/Users/tanmay/Documents/InvestIQ/inv-planner-backend/app.py', reloading
2024-01-27 12:02:48,347 - INFO -  * Restarting with stat
2024-01-27 12:02:49,275 - WARNING -  * Debugger is active!
2024-01-27 12:02:49,285 - INFO -  * Debugger PIN: 790-987-330
2024-01-27 12:03:18,507 - INFO -  * Detected change in '/Users/tanmay/Documents/InvestIQ/inv-planner-backend/Helpers/pdf_generator.py', reloading
2024-01-27 12:03:19,158 - INFO -  * Restarting with stat
2024-01-27 12:03:20,071 - WARNING -  * Debugger is active!
2024-01-27 12:03:20,079 - INFO -  * Debugger PIN: 790-987-330
2024-01-27 12:03:28,490 - INFO -  * Detected change in '/Users/tanmay/Documents/InvestIQ/inv-planner-backend/Helpers/pdf_generator.py', reloading
2024-01-27 12:03:29,109 - INFO -  * Restarting with stat
2024-01-27 12:03:30,179 - WARNING -  * Debugger is active!
2024-01-27 12:03:30,189 - INFO -  * Debugger PIN: 790-987-330
2024-01-27 12:03:58,170 - INFO -  * Detected change in '/Users/tanmay/Documents/InvestIQ/inv-planner-backend/Helpers/pdf_generator.py', reloading
2024-01-27 12:03:58,550 - INFO -  * Restarting with stat
2024-01-27 12:03:59,440 - WARNING -  * Debugger is active!
2024-01-27 12:03:59,461 - INFO -  * Debugger PIN: 790-987-330
2024-01-27 12:04:20,491 - INFO -  * Detected change in '/Users/tanmay/Documents/InvestIQ/inv-planner-backend/app.py', reloading
2024-01-27 12:04:21,103 - INFO -  * Restarting with stat
2024-01-27 12:04:21,985 - WARNING -  * Debugger is active!
2024-01-27 12:04:21,993 - INFO -  * Debugger PIN: 790-987-330
2024-01-27 12:06:39,946 - INFO -  * Detected change in '/Users/tanmay/Documents/InvestIQ/inv-planner-backend/app.py', reloading
2024-01-27 12:06:40,585 - INFO -  * Restarting with stat
2024-01-27 12:06:41,690 - WARNING -  * Debugger is active!
2024-01-27 12:06:41,699 - INFO -  * Debugger PIN: 790-987-330
2024-01-27 12:07:28,310 - INFO -  * Detected change in '/Users/tanmay/Documents/InvestIQ/inv-planner-backend/app.py', reloading
2024-01-27 12:07:28,789 - INFO -  * Restarting with stat
2024-01-27 12:07:29,695 - WARNING -  * Debugger is active!
2024-01-27 12:07:29,718 - INFO -  * Debugger PIN: 790-987-330
2024-01-27 12:08:08,202 - INFO -  * Detected change in '/Users/tanmay/Documents/InvestIQ/inv-planner-backend/app.py', reloading
2024-01-27 12:08:08,617 - INFO -  * Restarting with stat
2024-01-27 12:08:09,537 - WARNING -  * Debugger is active!
2024-01-27 12:08:09,558 - INFO -  * Debugger PIN: 790-987-330
2024-01-27 12:08:22,570 - INFO -  * Detected change in '/Users/tanmay/Documents/InvestIQ/inv-planner-backend/Helpers/tokens.py', reloading
2024-01-27 12:08:23,152 - INFO -  * Restarting with stat
2024-01-27 12:08:23,961 - WARNING -  * Debugger is active!
2024-01-27 12:08:23,969 - INFO -  * Debugger PIN: 790-987-330
2024-01-27 12:08:45,065 - INFO -  * Detected change in '/Users/tanmay/Documents/InvestIQ/inv-planner-backend/app.py', reloading
2024-01-27 12:08:45,692 - INFO -  * Restarting with stat
2024-01-27 12:11:33,499 - INFO - [31m[1mWARNING: This is a development server. Do not use it in a production deployment. Use a production WSGI server instead.[0m
 * Running on http://localhost:5010
2024-01-27 12:11:33,500 - INFO - [33mPress CTRL+C to quit[0m
2024-01-27 12:11:33,500 - INFO -  * Restarting with stat
2024-01-27 12:11:34,219 - WARNING -  * Debugger is active!
2024-01-27 12:11:34,230 - INFO -  * Debugger PIN: 790-987-330
2024-01-27 12:12:24,112 - INFO - 127.0.0.1 - - [27/Jan/2024 12:12:24] "OPTIONS /api/v1/plan HTTP/1.1" 200 -
2024-01-27 12:12:24,125 - INFO - 127.0.0.1 - - [27/Jan/2024 12:12:24] "[35m[1mPOST /api/v1/plan HTTP/1.1[0m" 500 -
2024-01-27 12:15:01,760 - INFO - [31m[1mWARNING: This is a development server. Do not use it in a production deployment. Use a production WSGI server instead.[0m
 * Running on http://localhost:5010
2024-01-27 12:15:01,760 - INFO - [33mPress CTRL+C to quit[0m
2024-01-27 12:15:01,761 - INFO -  * Restarting with stat
2024-01-27 12:15:02,483 - WARNING -  * Debugger is active!
2024-01-27 12:15:02,494 - INFO -  * Debugger PIN: 790-987-330
2024-01-27 12:15:16,587 - INFO - 127.0.0.1 - - [27/Jan/2024 12:15:16] "OPTIONS /api/v1/plan HTTP/1.1" 200 -
2024-01-27 12:15:16,593 - INFO - 127.0.0.1 - - [27/Jan/2024 12:15:16] "POST /api/v1/plan HTTP/1.1" 200 -
2024-01-27 12:16:20,733 - INFO -  * Detected change in '/Users/tanmay/Documents/InvestIQ/inv-planner-backend/app.py', reloading
2024-01-27 12:16:21,377 - INFO -  * Restarting with stat
2024-01-27 12:16:22,299 - WARNING -  * Debugger is active!
2024-01-27 12:16:22,322 - INFO -  * Debugger PIN: 790-987-330
2024-01-27 12:16:26,090 - INFO -  * Detected change in '/Users/tanmay/Documents/InvestIQ/inv-planner-backend/app.py', reloading
2024-01-27 12:16:26,742 - INFO -  * Restarting with stat
2024-01-27 12:16:27,487 - WARNING -  * Debugger is active!
2024-01-27 12:16:27,497 - INFO -  * Debugger PIN: 790-987-330
2024-01-27 12:16:53,336 - INFO -  * Detected change in '/Users/tanmay/Documents/InvestIQ/inv-planner-backend/app.py', reloading
2024-01-27 12:16:53,950 - INFO -  * Restarting with stat
2024-01-27 12:16:54,895 - WARNING -  * Debugger is active!
2024-01-27 12:16:54,903 - INFO -  * Debugger PIN: 790-987-330
2024-01-27 12:17:19,481 - INFO -  * Detected change in '/Users/tanmay/Documents/InvestIQ/inv-planner-backend/app.py', reloading
2024-01-27 12:17:20,108 - INFO -  * Restarting with stat
2024-01-27 12:17:21,066 - WARNING -  * Debugger is active!
2024-01-27 12:17:21,075 - INFO -  * Debugger PIN: 790-987-330
2024-01-27 12:18:03,013 - INFO -  * Detected change in '/Users/tanmay/Documents/InvestIQ/inv-planner-backend/app.py', reloading
2024-01-27 12:18:03,551 - INFO -  * Restarting with stat
2024-01-27 12:18:04,432 - WARNING -  * Debugger is active!
2024-01-27 12:18:04,440 - INFO -  * Debugger PIN: 790-987-330
2024-01-27 12:18:55,420 - INFO - 127.0.0.1 - - [27/Jan/2024 12:18:55] "OPTIONS /api/v1/plan HTTP/1.1" 200 -
2024-01-27 12:18:55,435 - INFO - 127.0.0.1 - - [27/Jan/2024 12:18:55] "[35m[1mPOST /api/v1/plan HTTP/1.1[0m" 500 -
2024-01-27 12:21:34,688 - INFO -  * Detected change in '/Users/tanmay/Documents/InvestIQ/inv-planner-backend/app.py', reloading
2024-01-27 12:21:35,214 - INFO -  * Restarting with stat
2024-01-27 12:21:36,141 - WARNING -  * Debugger is active!
2024-01-27 12:21:36,151 - INFO -  * Debugger PIN: 790-987-330
2024-01-27 12:22:27,019 - INFO - 127.0.0.1 - - [27/Jan/2024 12:22:27] "OPTIONS /api/v1/plan HTTP/1.1" 200 -
2024-01-27 12:22:27,024 - INFO - Received data: {'token': 'eyJhbGciOiJIUzI1NiIsInR5cCI6IkpXVCJ9.eyJpZCI6IjY1YjI2ZjNiZTE0YTg3NWE2MTQ2YmY4MSIsImV4cCI6MTcwNjI2ODgxN30.DcxpbPLjBDJL7RYH4bXhribsFCKC4hUMdsEwCb3lkNM', 'currSalary': '100000', 'age': '20', 'saving': '80', 'goalAmt': '5000000', 'goalDesc': 'Buy a car', 'goalAge': '20'}
2024-01-27 12:22:36,947 - INFO - Successfully generated plan for the user
2024-01-27 12:22:36,961 - INFO - 127.0.0.1 - - [27/Jan/2024 12:22:36] "[35m[1mPOST /api/v1/plan HTTP/1.1[0m" 500 -
2024-01-27 12:24:00,939 - INFO -  * Detected change in '/Users/tanmay/Documents/InvestIQ/inv-planner-backend/Helpers/tokens.py', reloading
2024-01-27 12:24:01,575 - INFO -  * Restarting with stat
2024-01-27 12:24:02,478 - WARNING -  * Debugger is active!
2024-01-27 12:24:02,489 - INFO -  * Debugger PIN: 790-987-330
2024-01-27 12:24:54,629 - INFO - 127.0.0.1 - - [27/Jan/2024 12:24:54] "OPTIONS /api/v1/plan HTTP/1.1" 200 -
2024-01-27 12:24:54,634 - INFO - Received data: {'token': 'eyJhbGciOiJIUzI1NiIsInR5cCI6IkpXVCJ9.eyJpZCI6IjY1YjI2ZjNiZTE0YTg3NWE2MTQ2YmY4MSIsImV4cCI6MTcwNjI2ODgxN30.DcxpbPLjBDJL7RYH4bXhribsFCKC4hUMdsEwCb3lkNM', 'currSalary': '100000', 'age': '20', 'saving': '40', 'goalAmt': '5000000', 'goalDesc': 'buy a car', 'goalAge': '20'}
2024-01-27 12:25:06,347 - INFO - Successfully generated plan for the user
2024-01-27 12:25:06,361 - INFO - 127.0.0.1 - - [27/Jan/2024 12:25:06] "[35m[1mPOST /api/v1/plan HTTP/1.1[0m" 500 -
2024-01-27 12:26:10,616 - INFO - 127.0.0.1 - - [27/Jan/2024 12:26:10] "OPTIONS /auth/login HTTP/1.1" 200 -
2024-01-27 12:26:10,949 - ERROR - User not found
2024-01-27 12:26:10,950 - INFO - 127.0.0.1 - - [27/Jan/2024 12:26:10] "[33mPOST /auth/login HTTP/1.1[0m" 404 -
2024-01-27 12:26:58,098 - INFO - 127.0.0.1 - - [27/Jan/2024 12:26:58] "OPTIONS /auth/login HTTP/1.1" 200 -
2024-01-27 12:26:58,134 - INFO - User tanmaywani145@gmail.com logged in successfully
2024-01-27 12:26:58,135 - INFO - 127.0.0.1 - - [27/Jan/2024 12:26:58] "POST /auth/login HTTP/1.1" 200 -
2024-01-27 12:30:44,488 - INFO -  * Detected change in '/Users/tanmay/Documents/InvestIQ/inv-planner-backend/app.py', reloading
2024-01-27 12:30:45,021 - INFO -  * Restarting with stat
2024-01-27 12:30:45,956 - WARNING -  * Debugger is active!
2024-01-27 12:30:45,968 - INFO -  * Debugger PIN: 790-987-330
2024-01-27 12:32:59,098 - INFO - 127.0.0.1 - - [27/Jan/2024 12:32:59] "OPTIONS /api/v1/plan HTTP/1.1" 200 -
2024-01-27 12:32:59,104 - INFO - Received data: {'token': 'eyJhbGciOiJIUzI1NiIsInR5cCI6IkpXVCJ9.eyJpZCI6IjY1YjI2ZjNiZTE0YTg3NWE2MTQ2YmY4MSIsImV4cCI6MTcwNjM0MjIxOH0.3TxnOVYH4ReygL4FUk6qlhfofS0N8J32KAbRnJg0VyM', 'currSalary': '100000', 'age': '25', 'saving': '', 'goalAmt': '', 'goalDesc': '', 'goalAge': ''}
2024-01-27 12:32:59,111 - INFO - 127.0.0.1 - - [27/Jan/2024 12:32:59] "[35m[1mPOST /api/v1/plan HTTP/1.1[0m" 500 -
2024-01-27 12:34:01,438 - INFO -  * Detected change in '/Users/tanmay/Documents/InvestIQ/inv-planner-backend/app.py', reloading
2024-01-27 12:34:02,083 - INFO -  * Restarting with stat
2024-01-27 12:34:03,042 - WARNING -  * Debugger is active!
2024-01-27 12:34:03,051 - INFO -  * Debugger PIN: 790-987-330
2024-01-27 12:34:18,896 - INFO - 127.0.0.1 - - [27/Jan/2024 12:34:18] "OPTIONS /api/v1/plan HTTP/1.1" 200 -
2024-01-27 12:34:18,900 - INFO - Received data: {'token': 'eyJhbGciOiJIUzI1NiIsInR5cCI6IkpXVCJ9.eyJpZCI6IjY1YjI2ZjNiZTE0YTg3NWE2MTQ2YmY4MSIsImV4cCI6MTcwNjM0MjIxOH0.3TxnOVYH4ReygL4FUk6qlhfofS0N8J32KAbRnJg0VyM', 'currSalary': '10', 'age': '10', 'saving': '60', 'goalAmt': '5000000', 'goalDesc': 'Buy a car', 'goalAge': '20'}
2024-01-27 12:34:22,585 - INFO - Successfully generated plan for the user
2024-01-27 12:34:22,890 - INFO - 127.0.0.1 - - [27/Jan/2024 12:34:22] "[35m[1mPOST /api/v1/plan HTTP/1.1[0m" 500 -
2024-01-27 12:35:08,393 - INFO -  * Detected change in '/Users/tanmay/Documents/InvestIQ/inv-planner-backend/app.py', reloading
2024-01-27 12:35:08,998 - INFO -  * Restarting with stat
2024-01-27 12:35:09,883 - WARNING -  * Debugger is active!
2024-01-27 12:35:09,893 - INFO -  * Debugger PIN: 790-987-330
2024-01-27 12:35:20,417 - INFO - [31m[1mWARNING: This is a development server. Do not use it in a production deployment. Use a production WSGI server instead.[0m
 * Running on http://localhost:5010
2024-01-27 12:35:20,418 - INFO - [33mPress CTRL+C to quit[0m
2024-01-27 12:35:20,418 - INFO -  * Restarting with stat
2024-01-27 12:35:21,127 - WARNING -  * Debugger is active!
2024-01-27 12:35:21,135 - INFO -  * Debugger PIN: 790-987-330
2024-01-27 12:36:04,380 - INFO - 127.0.0.1 - - [27/Jan/2024 12:36:04] "OPTIONS /api/v1/plan HTTP/1.1" 200 -
2024-01-27 12:36:04,385 - INFO - Received data: {'token': 'eyJhbGciOiJIUzI1NiIsInR5cCI6IkpXVCJ9.eyJpZCI6IjY1YjI2ZjNiZTE0YTg3NWE2MTQ2YmY4MSIsImV4cCI6MTcwNjM0MjIxOH0.3TxnOVYH4ReygL4FUk6qlhfofS0N8J32KAbRnJg0VyM', 'currSalary': '100000', 'age': '20', 'saving': '1', 'goalAmt': '1', 'goalDesc': 'abc', 'goalAge': '1'}
2024-01-27 12:36:15,403 - INFO - Successfully generated plan for the user
2024-01-27 12:36:15,719 - INFO - 127.0.0.1 - - [27/Jan/2024 12:36:15] "[35m[1mPOST /api/v1/plan HTTP/1.1[0m" 500 -
2024-01-27 12:41:29,321 - INFO - [31m[1mWARNING: This is a development server. Do not use it in a production deployment. Use a production WSGI server instead.[0m
 * Running on http://localhost:5010
2024-01-27 12:41:29,321 - INFO - [33mPress CTRL+C to quit[0m
2024-01-27 12:41:29,322 - INFO -  * Restarting with stat
2024-01-27 12:41:30,141 - WARNING -  * Debugger is active!
2024-01-27 12:41:30,166 - INFO -  * Debugger PIN: 790-987-330
2024-01-27 12:48:47,559 - INFO -  * Detected change in '/Users/tanmay/Documents/InvestIQ/inv-planner-backend/app.py', reloading
2024-01-27 12:48:48,100 - INFO -  * Restarting with stat
2024-01-27 12:48:49,096 - WARNING -  * Debugger is active!
2024-01-27 12:48:49,109 - INFO -  * Debugger PIN: 790-987-330
2024-01-27 12:50:55,709 - INFO - 127.0.0.1 - - [27/Jan/2024 12:50:55] "OPTIONS /api/v1/plan HTTP/1.1" 200 -
2024-01-27 12:50:55,714 - INFO - Received data: {'token': 'eyJhbGciOiJIUzI1NiIsInR5cCI6IkpXVCJ9.eyJpZCI6IjY1YjI2ZjNiZTE0YTg3NWE2MTQ2YmY4MSIsImV4cCI6MTcwNjM0MjIxOH0.3TxnOVYH4ReygL4FUk6qlhfofS0N8J32KAbRnJg0VyM', 'currSalary': '100000', 'age': '20', 'saving': '', 'goalAmt': '', 'goalDesc': '', 'goalAge': ''}
2024-01-27 12:50:55,726 - INFO - 127.0.0.1 - - [27/Jan/2024 12:50:55] "[35m[1mPOST /api/v1/plan HTTP/1.1[0m" 500 -
2024-01-27 13:00:21,072 - INFO - [31m[1mWARNING: This is a development server. Do not use it in a production deployment. Use a production WSGI server instead.[0m
 * Running on http://localhost:5010
2024-01-27 13:00:21,072 - INFO - [33mPress CTRL+C to quit[0m
2024-01-27 13:00:21,073 - INFO -  * Restarting with stat
2024-01-27 13:00:21,829 - WARNING -  * Debugger is active!
2024-01-27 13:00:21,843 - INFO -  * Debugger PIN: 790-987-330
2024-01-27 13:00:45,430 - INFO -  * Detected change in '/Users/tanmay/Documents/InvestIQ/inv-planner-backend/app.py', reloading
2024-01-27 13:00:46,076 - INFO -  * Restarting with stat
2024-01-27 13:00:46,985 - WARNING -  * Debugger is active!
2024-01-27 13:00:47,009 - INFO -  * Debugger PIN: 790-987-330
2024-01-27 13:01:53,040 - INFO -  * Detected change in '/Users/tanmay/Documents/InvestIQ/inv-planner-backend/app.py', reloading
2024-01-27 13:01:53,650 - INFO -  * Restarting with stat
2024-01-27 13:01:54,553 - WARNING -  * Debugger is active!
2024-01-27 13:01:54,564 - INFO -  * Debugger PIN: 790-987-330
2024-01-27 13:02:37,821 - INFO - 127.0.0.1 - - [27/Jan/2024 13:02:37] "OPTIONS /api/v1/plan HTTP/1.1" 200 -
2024-01-27 13:02:37,826 - INFO - Received data: {'token': 'eyJhbGciOiJIUzI1NiIsInR5cCI6IkpXVCJ9.eyJpZCI6IjY1YjI2ZjNiZTE0YTg3NWE2MTQ2YmY4MSIsImV4cCI6MTcwNjM0MjIxOH0.3TxnOVYH4ReygL4FUk6qlhfofS0N8J32KAbRnJg0VyM', 'currSalary': '4000', 'age': '19', 'saving': '100', 'goalAmt': '50000', 'goalDesc': 'Not sure', 'goalAge': '10'}
2024-01-27 13:02:46,711 - INFO - Successfully generated plan for the user
2024-01-27 13:02:46,722 - INFO - 127.0.0.1 - - [27/Jan/2024 13:02:46] "[35m[1mPOST /api/v1/plan HTTP/1.1[0m" 500 -
2024-01-27 13:03:28,315 - INFO -  * Detected change in '/Users/tanmay/Documents/InvestIQ/inv-planner-backend/app.py', reloading
2024-01-27 13:03:28,710 - INFO -  * Restarting with stat
2024-01-27 13:03:29,631 - WARNING -  * Debugger is active!
2024-01-27 13:03:29,644 - INFO -  * Debugger PIN: 790-987-330
2024-01-27 13:03:56,502 - INFO - 127.0.0.1 - - [27/Jan/2024 13:03:56] "OPTIONS /api/v1/plan HTTP/1.1" 200 -
2024-01-27 13:03:56,505 - INFO - Received data: {'token': 'eyJhbGciOiJIUzI1NiIsInR5cCI6IkpXVCJ9.eyJpZCI6IjY1YjI2ZjNiZTE0YTg3NWE2MTQ2YmY4MSIsImV4cCI6MTcwNjM0MjIxOH0.3TxnOVYH4ReygL4FUk6qlhfofS0N8J32KAbRnJg0VyM', 'currSalary': '100000', 'age': '24', 'saving': '50', 'goalAmt': '50000000', 'goalDesc': 'Buy a car', 'goalAge': '20'}
2024-01-27 13:04:04,869 - INFO - Successfully generated plan for the user
2024-01-27 13:04:04,883 - INFO - 127.0.0.1 - - [27/Jan/2024 13:04:04] "[35m[1mPOST /api/v1/plan HTTP/1.1[0m" 500 -
2024-01-27 13:04:23,546 - INFO -  * Detected change in '/Users/tanmay/Documents/InvestIQ/inv-planner-backend/app.py', reloading
2024-01-27 13:04:24,194 - INFO -  * Restarting with stat
2024-01-27 13:04:25,115 - WARNING -  * Debugger is active!
2024-01-27 13:04:25,124 - INFO -  * Debugger PIN: 790-987-330
2024-01-27 13:04:36,888 - INFO - 127.0.0.1 - - [27/Jan/2024 13:04:36] "OPTIONS /api/v1/plan HTTP/1.1" 200 -
2024-01-27 13:04:36,892 - INFO - Received data: {'token': 'eyJhbGciOiJIUzI1NiIsInR5cCI6IkpXVCJ9.eyJpZCI6IjY1YjI2ZjNiZTE0YTg3NWE2MTQ2YmY4MSIsImV4cCI6MTcwNjM0MjIxOH0.3TxnOVYH4ReygL4FUk6qlhfofS0N8J32KAbRnJg0VyM', 'currSalary': '1', 'age': '1', 'saving': '1', 'goalAmt': '1', 'goalDesc': 'abc', 'goalAge': '1'}
2024-01-27 13:04:45,287 - INFO - Successfully generated plan for the user
2024-01-27 13:04:45,297 - INFO - 127.0.0.1 - - [27/Jan/2024 13:04:45] "[35m[1mPOST /api/v1/plan HTTP/1.1[0m" 500 -
2024-01-27 13:06:26,099 - INFO -  * Detected change in '/Users/tanmay/Documents/InvestIQ/inv-planner-backend/app.py', reloading
2024-01-27 13:06:26,734 - INFO -  * Restarting with stat
2024-01-27 13:06:27,643 - WARNING -  * Debugger is active!
2024-01-27 13:06:27,653 - INFO -  * Debugger PIN: 790-987-330
2024-01-27 13:06:49,723 - INFO - 127.0.0.1 - - [27/Jan/2024 13:06:49] "OPTIONS /api/v1/plan HTTP/1.1" 200 -
2024-01-27 13:06:49,728 - INFO - Received data: {'token': 'eyJhbGciOiJIUzI1NiIsInR5cCI6IkpXVCJ9.eyJpZCI6IjY1YjI2ZjNiZTE0YTg3NWE2MTQ2YmY4MSIsImV4cCI6MTcwNjM0MjIxOH0.3TxnOVYH4ReygL4FUk6qlhfofS0N8J32KAbRnJg0VyM', 'currSalary': '100000', 'age': '20', 'saving': '50', 'goalAmt': '5000000', 'goalDesc': 'Buy a car', 'goalAge': '20'}
2024-01-27 13:07:03,116 - INFO - Successfully generated plan for the user
2024-01-27 13:07:03,490 - INFO - 127.0.0.1 - - [27/Jan/2024 13:07:03] "[35m[1mPOST /api/v1/plan HTTP/1.1[0m" 500 -
2024-01-27 13:08:10,305 - INFO -  * Detected change in '/Users/tanmay/Documents/InvestIQ/inv-planner-backend/app.py', reloading
2024-01-27 13:08:10,839 - INFO -  * Restarting with stat
2024-01-27 13:08:11,743 - WARNING -  * Debugger is active!
2024-01-27 13:08:11,752 - INFO -  * Debugger PIN: 790-987-330
2024-01-27 13:08:15,429 - INFO -  * Detected change in '/Users/tanmay/Documents/InvestIQ/inv-planner-backend/app.py', reloading
2024-01-27 13:08:16,078 - INFO -  * Restarting with stat
2024-01-27 13:08:16,892 - WARNING -  * Debugger is active!
2024-01-27 13:08:16,910 - INFO -  * Debugger PIN: 790-987-330
2024-01-27 13:08:38,921 - INFO - 127.0.0.1 - - [27/Jan/2024 13:08:38] "OPTIONS /api/v1/plan HTTP/1.1" 200 -
2024-01-27 13:08:38,925 - INFO - Received data: {'token': 'eyJhbGciOiJIUzI1NiIsInR5cCI6IkpXVCJ9.eyJpZCI6IjY1YjI2ZjNiZTE0YTg3NWE2MTQ2YmY4MSIsImV4cCI6MTcwNjM0MjIxOH0.3TxnOVYH4ReygL4FUk6qlhfofS0N8J32KAbRnJg0VyM', 'currSalary': '100000', 'age': '40', 'saving': '30', 'goalAmt': '160000000', 'goalDesc': 'Buy a house', 'goalAge': '20'}
2024-01-27 13:08:47,454 - INFO - Successfully generated plan for the user
2024-01-27 13:08:47,687 - INFO - 127.0.0.1 - - [27/Jan/2024 13:08:47] "[35m[1mPOST /api/v1/plan HTTP/1.1[0m" 500 -
2024-01-27 13:10:59,698 - INFO -  * Detected change in '/Users/tanmay/Documents/InvestIQ/inv-planner-backend/app.py', reloading
2024-01-27 13:11:00,345 - INFO -  * Restarting with stat
2024-01-27 13:11:01,315 - WARNING -  * Debugger is active!
2024-01-27 13:11:01,327 - INFO -  * Debugger PIN: 790-987-330
2024-01-27 13:11:27,061 - INFO - 127.0.0.1 - - [27/Jan/2024 13:11:27] "OPTIONS /api/v1/plan HTTP/1.1" 200 -
2024-01-27 13:11:27,066 - INFO - Received data: {'token': 'eyJhbGciOiJIUzI1NiIsInR5cCI6IkpXVCJ9.eyJpZCI6IjY1YjI2ZjNiZTE0YTg3NWE2MTQ2YmY4MSIsImV4cCI6MTcwNjM0MjIxOH0.3TxnOVYH4ReygL4FUk6qlhfofS0N8J32KAbRnJg0VyM', 'currSalary': '1000000', 'age': '50', 'saving': '30', 'goalAmt': '100000000', 'goalDesc': 'Buy a car', 'goalAge': '5'}
2024-01-27 13:11:36,465 - INFO - Successfully generated plan for the user
2024-01-27 13:11:37,119 - INFO - 127.0.0.1 - - [27/Jan/2024 13:11:37] "[35m[1mPOST /api/v1/plan HTTP/1.1[0m" 500 -
2024-01-27 13:12:44,062 - INFO -  * Detected change in '/Users/tanmay/Documents/InvestIQ/inv-planner-backend/Helpers/pdf_generator.py', reloading
2024-01-27 13:12:44,701 - INFO -  * Restarting with stat
2024-01-27 13:12:45,625 - WARNING -  * Debugger is active!
2024-01-27 13:12:45,635 - INFO -  * Debugger PIN: 790-987-330
2024-01-27 13:13:41,037 - INFO -  * Detected change in '/Users/tanmay/Documents/InvestIQ/inv-planner-backend/Helpers/pdf_generator.py', reloading
2024-01-27 13:13:41,615 - INFO -  * Restarting with stat
2024-01-27 13:13:42,553 - WARNING -  * Debugger is active!
2024-01-27 13:13:42,564 - INFO -  * Debugger PIN: 790-987-330
2024-01-27 13:14:03,192 - INFO - 127.0.0.1 - - [27/Jan/2024 13:14:03] "OPTIONS /api/v1/plan HTTP/1.1" 200 -
2024-01-27 13:14:03,196 - INFO - Received data: {'token': 'eyJhbGciOiJIUzI1NiIsInR5cCI6IkpXVCJ9.eyJpZCI6IjY1YjI2ZjNiZTE0YTg3NWE2MTQ2YmY4MSIsImV4cCI6MTcwNjM0MjIxOH0.3TxnOVYH4ReygL4FUk6qlhfofS0N8J32KAbRnJg0VyM', 'currSalary': '100000', 'age': '20', 'saving': '20', 'goalAmt': '10000000', 'goalDesc': 'Buy a car', 'goalAge': '10'}
2024-01-27 13:14:14,158 - INFO - Successfully generated plan for the user
2024-01-27 13:14:14,531 - INFO - 127.0.0.1 - - [27/Jan/2024 13:14:14] "[35m[1mPOST /api/v1/plan HTTP/1.1[0m" 500 -
2024-01-27 13:14:31,776 - INFO -  * Detected change in '/Users/tanmay/Documents/InvestIQ/inv-planner-backend/Helpers/pdf_generator.py', reloading
2024-01-27 13:14:32,070 - INFO -  * Restarting with stat
2024-01-27 13:14:33,005 - WARNING -  * Debugger is active!
2024-01-27 13:14:33,013 - INFO -  * Debugger PIN: 790-987-330
2024-01-27 13:14:41,410 - INFO -  * Detected change in '/Users/tanmay/Documents/InvestIQ/inv-planner-backend/app.py', reloading
2024-01-27 13:14:42,050 - INFO -  * Restarting with stat
2024-01-27 13:14:42,983 - WARNING -  * Debugger is active!
2024-01-27 13:14:42,991 - INFO -  * Debugger PIN: 790-987-330
2024-01-27 13:15:23,751 - INFO -  * Detected change in '/Users/tanmay/Documents/InvestIQ/inv-planner-backend/app.py', reloading
2024-01-27 13:15:24,401 - INFO -  * Restarting with stat
2024-01-27 13:15:25,326 - WARNING -  * Debugger is active!
2024-01-27 13:15:25,337 - INFO -  * Debugger PIN: 790-987-330
2024-01-27 13:15:48,659 - INFO - 127.0.0.1 - - [27/Jan/2024 13:15:48] "OPTIONS /api/v1/plan HTTP/1.1" 200 -
2024-01-27 13:15:48,663 - INFO - Received data: {'token': 'eyJhbGciOiJIUzI1NiIsInR5cCI6IkpXVCJ9.eyJpZCI6IjY1YjI2ZjNiZTE0YTg3NWE2MTQ2YmY4MSIsImV4cCI6MTcwNjM0MjIxOH0.3TxnOVYH4ReygL4FUk6qlhfofS0N8J32KAbRnJg0VyM', 'currSalary': '100000', 'age': '20', 'saving': '20', 'goalAmt': '10000000', 'goalDesc': 'Buy a car', 'goalAge': '20'}
2024-01-27 13:16:00,566 - INFO - Successfully generated plan for the user
2024-01-27 13:16:00,849 - INFO - 127.0.0.1 - - [27/Jan/2024 13:16:00] "POST /api/v1/plan HTTP/1.1" 200 -
2024-01-27 15:25:52,819 - INFO - [31m[1mWARNING: This is a development server. Do not use it in a production deployment. Use a production WSGI server instead.[0m
 * Running on http://localhost:5010
2024-01-27 15:25:52,819 - INFO - [33mPress CTRL+C to quit[0m
2024-01-27 15:25:52,820 - INFO -  * Restarting with stat
2024-01-27 15:25:53,533 - WARNING -  * Debugger is active!
2024-01-27 15:25:53,545 - INFO -  * Debugger PIN: 790-987-330
2024-01-27 15:26:21,882 - INFO - 127.0.0.1 - - [27/Jan/2024 15:26:21] "OPTIONS /api/v1/plan HTTP/1.1" 200 -
2024-01-27 15:26:21,885 - INFO - Received data: {'token': 'eyJhbGciOiJIUzI1NiIsInR5cCI6IkpXVCJ9.eyJpZCI6IjY1YjI2ZjNiZTE0YTg3NWE2MTQ2YmY4MSIsImV4cCI6MTcwNjM0MjIxOH0.3TxnOVYH4ReygL4FUk6qlhfofS0N8J32KAbRnJg0VyM', 'currSalary': '100000', 'age': '30', 'saving': '28', 'goalAmt': '10000000', 'goalDesc': 'Buy a car', 'goalAge': '20'}
2024-01-27 15:26:33,424 - INFO - Successfully generated plan for the user
2024-01-27 15:26:33,445 - INFO - 127.0.0.1 - - [27/Jan/2024 15:26:33] "[35m[1mPOST /api/v1/plan HTTP/1.1[0m" 500 -
2024-01-27 15:31:34,124 - INFO - [31m[1mWARNING: This is a development server. Do not use it in a production deployment. Use a production WSGI server instead.[0m
 * Running on http://localhost:5010
2024-01-27 15:31:34,125 - INFO - [33mPress CTRL+C to quit[0m
2024-01-27 15:31:34,125 - INFO -  * Restarting with stat
2024-01-27 15:31:34,844 - WARNING -  * Debugger is active!
2024-01-27 15:31:34,854 - INFO -  * Debugger PIN: 790-987-330
2024-01-27 15:31:43,842 - INFO - 127.0.0.1 - - [27/Jan/2024 15:31:43] "OPTIONS /auth/login HTTP/1.1" 200 -
2024-01-27 15:31:44,045 - INFO - User tanmaywani145@gmail.com logged in successfully
2024-01-27 15:31:44,046 - INFO - 127.0.0.1 - - [27/Jan/2024 15:31:44] "POST /auth/login HTTP/1.1" 200 -
2024-01-27 15:32:09,092 - INFO - 127.0.0.1 - - [27/Jan/2024 15:32:09] "OPTIONS /api/v1/plan HTTP/1.1" 200 -
2024-01-27 15:32:09,096 - INFO - Received data: {'token': 'eyJhbGciOiJIUzI1NiIsInR5cCI6IkpXVCJ9.eyJpZCI6IjY1YjI2ZjNiZTE0YTg3NWE2MTQ2YmY4MSJ9.fgSqULcZXxpsSkz8IwXExvESVRcD68niGxmLUphTiro', 'currSalary': '100000', 'age': '20', 'saving': '40', 'goalAmt': '10000000', 'goalDesc': 'Buy a car', 'goalAge': '20'}
2024-01-27 15:32:18,493 - INFO - Successfully generated plan for the user
2024-01-27 15:32:18,530 - INFO - 127.0.0.1 - - [27/Jan/2024 15:32:18] "POST /api/v1/plan HTTP/1.1" 200 -
